# JRE version: OpenJDK Runtime Environment (8.0_242-b01) (build 1.8.0_242-release-1644-b01)
# Java VM: OpenJDK 64-Bit Server VM (25.242-b01 mixed mode windows-amd64 compressed oops)
Heap:
 PSYoungGen      total 190464K, used 175888K [0x00000000d5580000, 0x00000000e4200000, 0x0000000100000000)
  eden space 143872K, 100% used [0x00000000d5580000,0x00000000de200000,0x00000000de200000)
  from space 46592K, 68% used [0x00000000e1100000,0x00000000e3044290,0x00000000e3e80000)
  to   space 48128K, 84% used [0x00000000de200000,0x00000000e0996370,0x00000000e1100000)
 ParOldGen       total 199168K, used 58361K [0x0000000080000000, 0x000000008c280000, 0x00000000d5580000)
  object space 199168K, 29% used [0x0000000080000000,0x00000000838fe4e0,0x000000008c280000)
 Metaspace       used 128199K, capacity 137068K, committed 137128K, reserved 1169408K
  class space    used 16398K, capacity 17806K, committed 17840K, reserved 1048576K
GC Heap History (10 events):
Event: 41253.612 GC heap after
Heap after GC invocations=66 (full 4):
 PSYoungGen      total 149504K, used 29168K [0x00000000d5580000, 0x00000000e1a00000, 0x0000000100000000)
  eden space 120320K, 0% used [0x00000000d5580000,0x00000000d5580000,0x00000000dcb00000)
  from space 29184K, 99% used [0x00000000def00000,0x00000000e0b7c290,0x00000000e0b80000)
  to   space 36864K, 0% used [0x00000000dcb00000,0x00000000dcb00000,0x00000000def00000)
 ParOldGen       total 199168K, used 58097K [0x0000000080000000, 0x000000008c280000, 0x00000000d5580000)
  object space 199168K, 29% used [0x0000000080000000,0x00000000838bc4e0,0x000000008c280000)
 Metaspace       used 127413K, capacity 136290K, committed 136616K, reserved 1167360K
  class space    used 16355K, capacity 17765K, committed 17840K, reserved 1048576K
}
Event: 41254.943 GC heap before
{Heap before GC invocations=67 (full 4):
 PSYoungGen      total 149504K, used 149488K [0x00000000d5580000, 0x00000000e1a00000, 0x0000000100000000)
  eden space 120320K, 100% used [0x00000000d5580000,0x00000000dcb00000,0x00000000dcb00000)
  from space 29184K, 99% used [0x00000000def00000,0x00000000e0b7c290,0x00000000e0b80000)
  to   space 36864K, 0% used [0x00000000dcb00000,0x00000000dcb00000,0x00000000def00000)
 ParOldGen       total 199168K, used 58097K [0x0000000080000000, 0x000000008c280000, 0x00000000d5580000)
  object space 199168K, 29% used [0x0000000080000000,0x00000000838bc4e0,0x000000008c280000)
 Metaspace       used 128034K, capacity 136918K, committed 137128K, reserved 1169408K
  class space    used 16390K, capacity 17799K, committed 17840K, reserved 1048576K
Event: 41255.018 GC heap after
Heap after GC invocations=67 (full 4):
 PSYoungGen      total 157184K, used 30315K [0x00000000d5580000, 0x00000000e2500000, 0x0000000100000000)
  eden space 120320K, 0% used [0x00000000d5580000,0x00000000d5580000,0x00000000dcb00000)
  from space 36864K, 82% used [0x00000000dcb00000,0x00000000de89af00,0x00000000def00000)
  to   space 39936K, 0% used [0x00000000dfe00000,0x00000000dfe00000,0x00000000e2500000)
 ParOldGen       total 199168K, used 58129K [0x0000000080000000, 0x000000008c280000, 0x00000000d5580000)
  object space 199168K, 29% used [0x0000000080000000,0x00000000838c44e0,0x000000008c280000)
 Metaspace       used 128034K, capacity 136918K, committed 137128K, reserved 1169408K
  class space    used 16390K, capacity 17799K, committed 17840K, reserved 1048576K
}
Event: 41260.688 GC heap before
{Heap before GC invocations=68 (full 4):
 PSYoungGen      total 157184K, used 150635K [0x00000000d5580000, 0x00000000e2500000, 0x0000000100000000)
  eden space 120320K, 100% used [0x00000000d5580000,0x00000000dcb00000,0x00000000dcb00000)
  from space 36864K, 82% used [0x00000000dcb00000,0x00000000de89af00,0x00000000def00000)
  to   space 39936K, 0% used [0x00000000dfe00000,0x00000000dfe00000,0x00000000e2500000)
 ParOldGen       total 199168K, used 58129K [0x0000000080000000, 0x000000008c280000, 0x00000000d5580000)
  object space 199168K, 29% used [0x0000000080000000,0x00000000838c44e0,0x000000008c280000)
 Metaspace       used 128122K, capacity 136968K, committed 137128K, reserved 1169408K
  class space    used 16394K, capacity 17806K, committed 17840K, reserved 1048576K
Event: 41260.769 GC heap after
Heap after GC invocations=68 (full 4):
 PSYoungGen      total 168960K, used 31940K [0x00000000d5580000, 0x00000000e2b80000, 0x0000000100000000)
  eden space 129024K, 0% used [0x00000000d5580000,0x00000000d5580000,0x00000000dd380000)
  from space 39936K, 79% used [0x00000000dfe00000,0x00000000e1d313a8,0x00000000e2500000)
  to   space 43520K, 0% used [0x00000000dd380000,0x00000000dd380000,0x00000000dfe00000)
 ParOldGen       total 199168K, used 58153K [0x0000000080000000, 0x000000008c280000, 0x00000000d5580000)
  object space 199168K, 29% used [0x0000000080000000,0x00000000838ca4e0,0x000000008c280000)
 Metaspace       used 128122K, capacity 136968K, committed 137128K, reserved 1169408K
  class space    used 16394K, capacity 17806K, committed 17840K, reserved 1048576K
}
Event: 41261.653 GC heap before
{Heap before GC invocations=69 (full 4):
 PSYoungGen      total 168960K, used 160964K [0x00000000d5580000, 0x00000000e2b80000, 0x0000000100000000)
  eden space 129024K, 100% used [0x00000000d5580000,0x00000000dd380000,0x00000000dd380000)
  from space 39936K, 79% used [0x00000000dfe00000,0x00000000e1d313a8,0x00000000e2500000)
  to   space 43520K, 0% used [0x00000000dd380000,0x00000000dd380000,0x00000000dfe00000)
 ParOldGen       total 199168K, used 58153K [0x0000000080000000, 0x000000008c280000, 0x00000000d5580000)
  object space 199168K, 29% used [0x0000000080000000,0x00000000838ca4e0,0x000000008c280000)
 Metaspace       used 128132K, capacity 136980K, committed 137128K, reserved 1169408K
  class space    used 16394K, capacity 17806K, committed 17840K, reserved 1048576K
Event: 41261.733 GC heap after
Heap after GC invocations=69 (full 4):
 PSYoungGen      total 172544K, used 33264K [0x00000000d5580000, 0x00000000e3e80000, 0x0000000100000000)
  eden space 129024K, 0% used [0x00000000d5580000,0x00000000d5580000,0x00000000dd380000)
  from space 43520K, 76% used [0x00000000dd380000,0x00000000df3fc128,0x00000000dfe00000)
  to   space 46592K, 0% used [0x00000000e1100000,0x00000000e1100000,0x00000000e3e80000)
 ParOldGen       total 199168K, used 58185K [0x0000000080000000, 0x000000008c280000, 0x00000000d5580000)
  object space 199168K, 29% used [0x0000000080000000,0x00000000838d24e0,0x000000008c280000)
 Metaspace       used 128132K, capacity 136980K, committed 137128K, reserved 1169408K
  class space    used 16394K, capacity 17806K, committed 17840K, reserved 1048576K
}
Event: 41265.141 GC heap before
{Heap before GC invocations=70 (full 4):
 PSYoungGen      total 172544K, used 162288K [0x00000000d5580000, 0x00000000e3e80000, 0x0000000100000000)
  eden space 129024K, 100% used [0x00000000d5580000,0x00000000dd380000,0x00000000dd380000)
  from space 43520K, 76% used [0x00000000dd380000,0x00000000df3fc128,0x00000000dfe00000)
  to   space 46592K, 0% used [0x00000000e1100000,0x00000000e1100000,0x00000000e3e80000)
 ParOldGen       total 199168K, used 58185K [0x0000000080000000, 0x000000008c280000, 0x00000000d5580000)
  object space 199168K, 29% used [0x0000000080000000,0x00000000838d24e0,0x000000008c280000)
 Metaspace       used 128171K, capacity 137004K, committed 137128K, reserved 1169408K
  class space    used 16395K, capacity 17806K, committed 17840K, reserved 1048576K
Event: 41265.306 GC heap after
Heap after GC invocations=70 (full 4):
 PSYoungGen      total 190464K, used 32016K [0x00000000d5580000, 0x00000000e4200000, 0x0000000100000000)
  eden space 143872K, 0% used [0x00000000d5580000,0x00000000d5580000,0x00000000de200000)
  from space 46592K, 68% used [0x00000000e1100000,0x00000000e3044290,0x00000000e3e80000)
  to   space 48128K, 0% used [0x00000000de200000,0x00000000de200000,0x00000000e1100000)
 ParOldGen       total 199168K, used 58249K [0x0000000080000000, 0x000000008c280000, 0x00000000d5580000)
  object space 199168K, 29% used [0x0000000080000000,0x00000000838e24e0,0x000000008c280000)
 Metaspace       used 128171K, capacity 137004K, committed 137128K, reserved 1169408K
  class space    used 16395K, capacity 17806K, committed 17840K, reserved 1048576K
}
Event: 41266.601 GC heap before
{Heap before GC invocations=71 (full 4):
 PSYoungGen      total 190464K, used 175888K [0x00000000d5580000, 0x00000000e4200000, 0x0000000100000000)
  eden space 143872K, 100% used [0x00000000d5580000,0x00000000de200000,0x00000000de200000)
  from space 46592K, 68% used [0x00000000e1100000,0x00000000e3044290,0x00000000e3e80000)
  to   space 48128K, 0% used [0x00000000de200000,0x00000000de200000,0x00000000e1100000)
 ParOldGen       total 199168K, used 58249K [0x0000000080000000, 0x000000008c280000, 0x00000000d5580000)
  object space 199168K, 29% used [0x0000000080000000,0x00000000838e24e0,0x000000008c280000)
 Metaspace       used 128199K, capacity 137068K, committed 137128K, reserved 1169408K
  class space    used 16398K, capacity 17806K, committed 17840K, reserved 1048576K

